Performing C++ SOURCE FILE Test CMAKE_HAVE_LIBC_PTHREAD failed with the following output:
Change Dir: /home/ryotta205/git/FaultSimulator/cmake-build-debug/CMakeFiles/CMakeTmp

Run Build Command(s):/home/ryotta205/tools/clion-2022.1.1/bin/ninja/linux/ninja cmTC_dcaeb && [1/2] Building CXX object CMakeFiles/cmTC_dcaeb.dir/src.cxx.o
[2/2] Linking CXX executable cmTC_dcaeb
FAILED: cmTC_dcaeb 
: && /usr/bin/c++  -rdynamic CMakeFiles/cmTC_dcaeb.dir/src.cxx.o -o cmTC_dcaeb   && :
CMakeFiles/cmTC_dcaeb.dir/src.cxx.o: In function `main':
src.cxx:(.text+0x2d): undefined reference to `pthread_create'
src.cxx:(.text+0x39): undefined reference to `pthread_detach'
src.cxx:(.text+0x45): undefined reference to `pthread_cancel'
src.cxx:(.text+0x56): undefined reference to `pthread_join'
src.cxx:(.text+0x6a): undefined reference to `pthread_atfork'
collect2: error: ld returned 1 exit status
ninja: build stopped: subcommand failed.


Source file was:
#include <pthread.h>

static void* test_func(void* data)
{
  return data;
}

int main(void)
{
  pthread_t thread;
  pthread_create(&thread, NULL, test_func, NULL);
  pthread_detach(thread);
  pthread_cancel(thread);
  pthread_join(thread, NULL);
  pthread_atfork(NULL, NULL, NULL);
  pthread_exit(NULL);

  return 0;
}

